2025-05-07 01:11:35,869 - db_manager - INFO - u062au0645 u0625u0646u0634u0627u0621 u062au062cu0645u0639 u0627u062au0635u0627u0644u0627u062a u0642u0627u0639u062fu0629 u0627u0644u0628u064au0627u0646u0627u062a u0628u0646u062cu0627u062d
2025-05-07 01:11:35,871 - db_manager - INFO - u062au0645 u062au062du0648u0644 u0627u0644u0627u062au0635u0627u0644 u0628u0642u0627u0639u062fu0629 u0627u0644u0628u064au0627u0646u0627u062a u0628u0646u062cu0627u062d
2025-05-07 01:11:35,889 - db_manager - INFO - u062au0645 u0625u0646u0634u0627u0621 u062cu0644u0633u0629 u062cu062fu064au062fu0629 u0628u0645u0639u0631u0641 1
2025-05-07 01:11:35,901 - db_manager - INFO - u062au0645u062a u0625u0636u0627u0641u0629 u0631u0633u0627u0644u0629 u062cu062fu064au062fu0629 u0628u0645u0639u0631u0641 1 u0625u0644u0649 u0627u0644u062cu0644u0633u0629 1
2025-05-07 01:11:35,911 - db_manager - INFO - u062au0645u062a u0625u0636u0627u0641u0629 u0631u0633u0627u0644u0629 u062cu062fu064au062fu0629 u0628u0645u0639u0631u0641 2 u0625u0644u0649 u0627u0644u062cu0644u0633u0629 1
2025-05-07 01:11:35,921 - db_manager - INFO - u062au0645u062a u0625u0636u0627u0641u0629 u0631u0633u0627u0644u0629 u062cu062fu064au062fu0629 u0628u0645u0639u0631u0641 3 u0625u0644u0649 u0627u0644u062cu0644u0633u0629 1
2025-05-07 01:11:35,930 - db_manager - INFO - u062au0645u062a u0625u0636u0627u0641u0629 u0631u0633u0627u0644u0629 u062cu062fu064au062fu0629 u0628u0645u0639u0631u0641 4 u0625u0644u0649 u0627u0644u062cu0644u0633u0629 1
2025-05-07 01:11:35,948 - db_manager - INFO - u062au0645 u0625u0646u0647u0627u0621 u0627u0644u062cu0644u0633u0629 u0628u0645u0639u0631u0641 1
2025-05-07 01:16:24,536 - __main__ - INFO - جاري البحث عن جلسات VS Code...
2025-05-07 01:16:25,451 - __main__ - INFO - تم العثور على 158 جلسة
2025-05-07 01:16:25,674 - db_manager - INFO - u062au0645 u0625u0646u0634u0627u0621 u062au062cu0645u0639 u0627u062au0635u0627u0644u0627u062a u0642u0627u0639u062fu0629 u0627u0644u0628u064au0627u0646u0627u062a u0628u0646u062cu0627u062d
2025-05-07 01:16:25,675 - __main__ - ERROR - حدث خطأ أثناء حفظ الجلسات: 'DatabaseManager' object has no attribute 'add_session'
2025-05-07 06:24:06,226 - mysql.connector - INFO - package: mysql.connector.plugins
2025-05-07 06:24:06,227 - mysql.connector - INFO - plugin_name: caching_sha2_password
2025-05-07 06:24:06,227 - mysql.connector - INFO - AUTHENTICATION_PLUGIN_CLASS: MySQLCachingSHA2PasswordAuthPlugin
2025-05-07 06:24:06,559 - db_manager - INFO - u062au0645 u0625u0646u0634u0627u0621 u062au062cu0645u0639 u0627u062au0635u0627u0644u0627u062a u0642u0627u0639u062fu0629 u0627u0644u0628u064au0627u0646u0627u062a u0628u0646u062cu0627u062d
2025-05-07 06:24:06,570 - db_manager - INFO - u062au0645 u062au062du0648u0644 u0627u0644u0627u062au0635u0627u0644 u0628u0642u0627u0639u062fu0629 u0627u0644u0628u064au0627u0646u0627u062a u0628u0646u062cu0627u062d
2025-05-07 06:24:06,620 - db_manager - INFO - u062au0645 u0625u0646u0634u0627u0621 u062cu0644u0633u0629 u062cu062fu064au062fu0629 u0628u0645u0639u0631u0641 2
2025-05-07 06:24:06,639 - db_manager - INFO - u062au0645u062a u0625u0636u0627u0641u0629 u0631u0633u0627u0644u0629 u062cu062fu064au062fu0629 u0628u0645u0639u0631u0641 5 u0625u0644u0649 u0627u0644u062cu0644u0633u0629 2
2025-05-07 06:24:06,653 - db_manager - INFO - u062au0645u062a u0625u0636u0627u0641u0629 u0631u0633u0627u0644u0629 u062cu062fu064au062fu0629 u0628u0645u0639u0631u0641 6 u0625u0644u0649 u0627u0644u062cu0644u0633u0629 2
2025-05-07 06:24:06,667 - db_manager - INFO - u062au0645u062a u0625u0636u0627u0641u0629 u0631u0633u0627u0644u0629 u062cu062fu064au062fu0629 u0628u0645u0639u0631u0641 7 u0625u0644u0649 u0627u0644u062cu0644u0633u0629 2
2025-05-07 06:24:06,684 - db_manager - INFO - u062au0645u062a u0625u0636u0627u0641u0629 u0631u0633u0627u0644u0629 u062cu062fu064au062fu0629 u0628u0645u0639u0631u0641 8 u0625u0644u0649 u0627u0644u062cu0644u0633u0629 2
2025-05-07 06:24:06,714 - db_manager - INFO - u062au0645 u0625u0646u0647u0627u0621 u0627u0644u062cu0644u0633u0629 u0628u0645u0639u0631u0641 2
