2025-05-05 10:53:36,290 - setup_database - INFO - تم الاتصال بخادم MySQL بنجاح
2025-05-05 10:53:36,300 - setup_database - INFO - u062cu0627u0631u064d u0625u0646u0634u0627u0621 u0642u0627u0639u062fu0629 u0627u0644u0628u064au0627u0646u0627u062a...
2025-05-05 10:53:36,316 - setup_database - INFO - u062cu0627u0631u064d u062au0646u0641u064au0630 u0627u0644u0627u0633u062au0639u0644u0627u0645 1: -- استخدام قاعدة البيانات التي تم إنشاؤها
USE wind...
2025-05-05 10:53:36,317 - setup_database - INFO - u062cu0627u0631u064d u062au0646u0641u064au0630 u0627u0644u0627u0633u062au0639u0644u0627u0645 2: -- إنشاء جدول لتخزين معلومات الجلسات
CREATE TABLE ...
2025-05-05 10:53:36,374 - setup_database - INFO - u062cu0627u0631u064d u062au0646u0641u064au0630 u0627u0644u0627u0633u062au0639u0644u0627u0645 3: -- إنشاء جدول لتخزين الرسائل داخل كل محادثة/جلسة
C...
2025-05-05 10:53:36,382 - setup_database - INFO - u062cu0627u0631u064d u062au0646u0641u064au0630 u0627u0644u0627u0633u062au0639u0644u0627u0645 4: -- إنشاء فهارس لتحسين أداء الاستعلامات
CREATE INDE...
2025-05-05 10:53:36,989 - setup_database - INFO - تم الاتصال بخادم MySQL بنجاح
2025-05-05 10:53:36,998 - setup_database - INFO - u062cu0627u0631u064d u0625u0646u0634u0627u0621 u0642u0627u0639u062fu0629 u0627u0644u0628u064au0627u0646u0627u062a...
2025-05-05 10:53:37,003 - setup_database - INFO - u062cu0627u0631u064d u062au0646u0641u064au0630 u0627u0644u0627u0633u062au0639u0644u0627u0645 1: -- استخدام قاعدة البيانات التي تم إنشاؤها
USE wind...
2025-05-05 10:53:37,004 - setup_database - INFO - u062cu0627u0631u064d u062au0646u0641u064au0630 u0627u0644u0627u0633u062au0639u0644u0627u0645 2: -- إنشاء جدول لتخزين معلومات الجلسات
CREATE TABLE ...
2025-05-05 10:53:37,010 - setup_database - INFO - u062cu0627u0631u064d u062au0646u0641u064au0630 u0627u0644u0627u0633u062au0639u0644u0627u0645 3: -- إنشاء جدول لتخزين الرسائل داخل كل محادثة/جلسة
C...
2025-05-05 10:53:37,015 - setup_database - INFO - u062cu0627u0631u064d u062au0646u0641u064au0630 u0627u0644u0627u0633u062au0639u0644u0627u0645 4: -- إنشاء فهارس لتحسين أداء الاستعلامات
CREATE INDE...
2025-05-05 10:53:37,018 - setup_database - ERROR - u062eu0637u0623 u0641u064a u0625u0639u062fu0627u062f u0642u0627u0639u062fu0629 u0627u0644u0628u064au0627u0646u0627u062a: 1061 (42000): Duplicate key name 'idx_session_id'
2025-05-05 10:53:59,669 - setup_database - INFO - تم الاتصال بخادم MySQL بنجاح
2025-05-05 10:53:59,684 - setup_database - INFO - u062cu0627u0631u064d u0625u0646u0634u0627u0621 u0642u0627u0639u062fu0629 u0627u0644u0628u064au0627u0646u0627u062a...
2025-05-05 10:53:59,722 - setup_database - INFO - u062cu0627u0631u064d u062au0646u0641u064au0630 u0627u0644u0627u0633u062au0639u0644u0627u0645 1: -- استخدام قاعدة البيانات التي تم إنشاؤها
USE wind...
2025-05-05 10:53:59,724 - setup_database - INFO - u062cu0627u0631u064d u062au0646u0641u064au0630 u0627u0644u0627u0633u062au0639u0644u0627u0645 2: -- إنشاء جدول لتخزين معلومات الجلسات
CREATE TABLE ...
2025-05-05 10:53:59,764 - setup_database - INFO - u062cu0627u0631u064d u062au0646u0641u064au0630 u0627u0644u0627u0633u062au0639u0644u0627u0645 3: -- إنشاء جدول لتخزين الرسائل داخل كل محادثة/جلسة
C...
2025-05-05 10:53:59,772 - setup_database - INFO - u062cu0627u0631u064d u062au0646u0641u064au0630 u0627u0644u0627u0633u062au0639u0644u0627u0645 4: -- إنشاء فهارس لتحسين أداء الاستعلامات
CREATE INDE...
2025-05-05 10:53:59,773 - setup_database - ERROR - u062eu0637u0623 u0641u064a u0625u0639u062fu0627u062f u0642u0627u0639u062fu0629 u0627u0644u0628u064au0627u0646u0627u062a: 1064 (42000): You have an error in your SQL syntax; check the manual that corresponds to your MySQL server version for the right syntax to use near 'IF NOT EXISTS idx_session_id ON messages(session_id)' at line 2
2025-05-05 10:54:24,582 - setup_database - INFO - تم الاتصال بخادم MySQL بنجاح
2025-05-05 10:54:24,598 - setup_database - INFO - u062cu0627u0631u064d u0625u0646u0634u0627u0621 u0642u0627u0639u062fu0629 u0627u0644u0628u064au0627u0646u0627u062a...
2025-05-05 10:54:24,606 - setup_database - INFO - u062cu0627u0631u064d u062au0646u0641u064au0630 u0627u0644u0627u0633u062au0639u0644u0627u0645 1: -- استخدام قاعدة البيانات التي تم إنشاؤها
USE wind...
2025-05-05 10:54:24,607 - setup_database - INFO - u062cu0627u0631u064d u062au0646u0641u064au0630 u0627u0644u0627u0633u062au0639u0644u0627u0645 2: -- إنشاء جدول لتخزين معلومات الجلسات
CREATE TABLE ...
2025-05-05 10:54:24,614 - setup_database - INFO - u062cu0627u0631u064d u062au0646u0641u064au0630 u0627u0644u0627u0633u062au0639u0644u0627u0645 3: -- إنشاء جدول لتخزين الرسائل داخل كل محادثة/جلسة
C...
2025-05-05 10:54:24,618 - setup_database - INFO - u062cu0627u0631u064d u062au0646u0641u064au0630 u0627u0644u0627u0633u062au0639u0644u0627u0645 4: -- ملاحظة: يمكن إنشاء الفهارس لاحقاً باستخدام الأو...
2025-05-05 10:54:24,619 - setup_database - INFO - u062cu0627u0631u064d u062au0646u0641u064au0630 u0627u0644u0627u0633u062au0639u0644u0627u0645 5: -- CREATE INDEX idx_sender ON messages(sender)...
2025-05-05 10:54:24,620 - setup_database - INFO - u062cu0627u0631u064d u062au0646u0641u064au0630 u0627u0644u0627u0633u062au0639u0644u0627u0645 6: -- CREATE INDEX idx_session_start_time ON sessions...
2025-05-05 10:54:24,621 - setup_database - INFO - u062cu0627u0631u064d u062au0646u0641u064au0630 u0627u0644u0627u0633u062au0639u0644u0627u0645 7: -- رسالة تأكيد (اختياري)
SELECT 'قاعدة البيانات وا...
2025-05-05 10:54:24,622 - setup_database - ERROR - u062eu0637u0623 u0641u064a u0625u0639u062fu0627u062f u0642u0627u0639u062fu0629 u0627u0644u0628u064au0627u0646u0627u062a: Unread result found
2025-05-07 01:11:26,170 - setup_database - INFO - تم الاتصال بخادم MySQL بنجاح
2025-05-07 01:11:26,180 - setup_database - INFO - u062cu0627u0631u064d u0625u0646u0634u0627u0621 u0642u0627u0639u062fu0629 u0627u0644u0628u064au0627u0646u0627u062a...
2025-05-07 01:11:26,205 - setup_database - INFO - u062cu0627u0631u064d u062au0646u0641u064au0630 u0627u0644u0627u0633u062au0639u0644u0627u0645 1: -- استخدام قاعدة البيانات التي تم إنشاؤها
USE wind...
2025-05-07 01:11:26,206 - setup_database - INFO - u062cu0627u0631u064d u062au0646u0641u064au0630 u0627u0644u0627u0633u062au0639u0644u0627u0645 2: -- إنشاء جدول لتخزين معلومات الجلسات
CREATE TABLE ...
2025-05-07 01:11:26,236 - setup_database - INFO - u062cu0627u0631u064d u062au0646u0641u064au0630 u0627u0644u0627u0633u062au0639u0644u0627u0645 3: -- إنشاء جدول لتخزين الرسائل داخل كل محادثة/جلسة
C...
2025-05-07 01:11:26,306 - setup_database - INFO - u062cu0627u0631u064d u062au0646u0641u064au0630 u0627u0644u0627u0633u062au0639u0644u0627u0645 4: -- ملاحظة: يمكن إنشاء الفهارس لاحقاً باستخدام الأو...
2025-05-07 01:11:26,306 - setup_database - INFO - u062cu0627u0631u064d u062au0646u0641u064au0630 u0627u0644u0627u0633u062au0639u0644u0627u0645 5: -- CREATE INDEX idx_sender ON messages(sender)...
2025-05-07 01:11:26,307 - setup_database - INFO - u062cu0627u0631u064d u062au0646u0641u064au0630 u0627u0644u0627u0633u062au0639u0644u0627u0645 6: -- CREATE INDEX idx_session_start_time ON sessions...
2025-05-07 01:11:26,307 - setup_database - INFO - u062cu0627u0631u064d u062au0646u0641u064au0630 u0627u0644u0627u0633u062au0639u0644u0627u0645 7: -- رسالة تأكيد (اختياري)
SELECT 'قاعدة البيانات وا...
2025-05-07 01:11:26,308 - setup_database - ERROR - u062eu0637u0623 u0641u064a u0625u0639u062fu0627u062f u0642u0627u0639u062fu0629 u0627u0644u0628u064au0627u0646u0627u062a: Unread result found
2025-05-07 06:25:26,996 - mysql.connector - INFO - package: mysql.connector.plugins
2025-05-07 06:25:26,997 - mysql.connector - INFO - plugin_name: caching_sha2_password
2025-05-07 06:25:26,998 - mysql.connector - INFO - AUTHENTICATION_PLUGIN_CLASS: MySQLCachingSHA2PasswordAuthPlugin
2025-05-07 06:25:27,002 - setup_database - INFO - تم الاتصال بخادم MySQL بنجاح
2025-05-07 06:25:27,107 - setup_database - INFO - u062cu0627u0631u064d u0625u0646u0634u0627u0621 u0642u0627u0639u062fu0629 u0627u0644u0628u064au0627u0646u0627u062a...
2025-05-07 06:25:27,114 - setup_database - INFO - u062cu0627u0631u064d u062au0646u0641u064au0630 u0627u0644u0627u0633u062au0639u0644u0627u0645 1: -- استخدام قاعدة البيانات التي تم إنشاؤها
USE wind...
2025-05-07 06:25:27,116 - setup_database - INFO - u062cu0627u0631u064d u062au0646u0641u064au0630 u0627u0644u0627u0633u062au0639u0644u0627u0645 2: -- إنشاء جدول لتخزين معلومات الجلسات
CREATE TABLE ...
2025-05-07 06:25:27,130 - setup_database - INFO - u062cu0627u0631u064d u062au0646u0641u064au0630 u0627u0644u0627u0633u062au0639u0644u0627u0645 3: -- إنشاء جدول لتخزين الرسائل داخل كل محادثة/جلسة
C...
2025-05-07 06:25:27,134 - setup_database - INFO - u062cu0627u0631u064d u062au0646u0641u064au0630 u0627u0644u0627u0633u062au0639u0644u0627u0645 4: -- ملاحظة: يمكن إنشاء الفهارس لاحقاً باستخدام الأو...
2025-05-07 06:25:27,135 - setup_database - INFO - u062cu0627u0631u064d u062au0646u0641u064au0630 u0627u0644u0627u0633u062au0639u0644u0627u0645 5: -- CREATE INDEX idx_sender ON messages(sender)...
2025-05-07 06:25:27,136 - setup_database - INFO - u062cu0627u0631u064d u062au0646u0641u064au0630 u0627u0644u0627u0633u062au0639u0644u0627u0645 6: -- CREATE INDEX idx_session_start_time ON sessions...
2025-05-07 06:25:27,136 - setup_database - INFO - u062cu0627u0631u064d u062au0646u0641u064au0630 u0627u0644u0627u0633u062au0639u0644u0627u0645 7: -- رسالة تأكيد (اختياري)
SELECT 'قاعدة البيانات وا...
2025-05-07 06:25:27,137 - setup_database - ERROR - u062eu0637u0623 u0641u064a u0625u0639u062fu0627u062f u0642u0627u0639u062fu0629 u0627u0644u0628u064au0627u0646u0627u062a: Unread result found
